2024-08-12 09:57:19,873 - INFO - Navigating to https://www.google.com/
2024-08-12 09:57:22,309 - INFO - Clicking on the search bar
2024-08-12 09:57:22,489 - INFO - Fetching recent searches
2024-08-12 09:57:22,534 - INFO - 1: mpox outbreak africa
2024-08-12 09:57:22,534 - INFO - 2: 
2024-08-12 09:57:22,535 - INFO - 3: supreme court hijab ban mumbai
2024-08-12 09:57:22,535 - INFO - 4: 
2024-08-12 09:57:22,535 - INFO - 5: Sheikh Hasina
2024-08-12 09:57:22,535 - INFO - 6: Former Prime Minister of Bangladesh
2024-08-12 09:57:22,535 - INFO - 7: hamster kombat daily daily cipher code
2024-08-12 09:57:22,535 - INFO - 8: 
2024-08-12 09:57:22,537 - INFO - 9: mirzapur 3 bonus episode release date
2024-08-12 09:57:22,537 - INFO - 10: 
2024-08-12 09:57:22,539 - INFO - Recent searches found
2024-08-12 10:18:31,073 - INFO - Navigating to https://www.google.com/
2024-08-12 10:18:38,944 - INFO - Clicking on the search bar
2024-08-12 10:18:39,256 - INFO - Fetching recent searches
2024-08-12 10:18:39,332 - INFO - 1: mpox outbreak africa
2024-08-12 10:18:39,333 - INFO - 2: 
2024-08-12 10:18:39,333 - INFO - 3: supreme court hijab ban mumbai
2024-08-12 10:18:39,333 - INFO - 4: 
2024-08-12 10:18:39,333 - INFO - 5: Sheikh Hasina
2024-08-12 10:18:39,333 - INFO - 6: Former Prime Minister of Bangladesh
2024-08-12 10:18:39,334 - INFO - 7: hamster kombat daily daily cipher code
2024-08-12 10:18:39,334 - INFO - 8: 
2024-08-12 10:18:39,334 - INFO - 9: mirzapur 3 bonus episode release date
2024-08-12 10:18:39,335 - INFO - 10: 
2024-08-12 10:18:39,335 - INFO - Recent searches found
2024-08-12 10:19:53,383 - INFO - Navigating to https://www.google.com/
2024-08-12 10:19:55,220 - INFO - Clicking on the search bar
2024-08-12 10:19:55,379 - INFO - Fetching recent searches
2024-08-12 10:19:55,424 - INFO - 1: mpox outbreak africa
2024-08-12 10:19:55,424 - INFO - 2: 
2024-08-12 10:19:55,424 - INFO - 3: supreme court hijab ban mumbai
2024-08-12 10:19:55,425 - INFO - 4: 
2024-08-12 10:19:55,425 - INFO - 5: Sheikh Hasina
2024-08-12 10:19:55,425 - INFO - 6: Former Prime Minister of Bangladesh
2024-08-12 10:19:55,425 - INFO - 7: hamster kombat daily daily cipher code
2024-08-12 10:19:55,426 - INFO - 8: 
2024-08-12 10:19:55,427 - INFO - 9: mirzapur 3 bonus episode release date
2024-08-12 10:19:55,427 - INFO - 10: 
2024-08-12 10:19:55,427 - INFO - Recent searches found
